<?xml version="1.0" encoding="UTF-8"?>
<!-- Generated by org.testng.reporters.JUnitReportReporter -->
<testsuite hostname="COLLABPH1002987" failures="0" tests="3" name="com.android.TestCapabilities" time="2.168" errors="3" timestamp="2023-11-15T11:41:30 CST" skipped="0">
  <testcase classname="com.android.TestCapabilities" name="clickOnPreference" time="1.063">
    <error message="An element could not be located on the page using the given search parameters.
For documentation on this error, please visit: https://www.selenium.dev/documentation/webdriver/troubleshooting/errors#no-such-element-exception
Build info: version: &#039;4.13.0&#039;, revision: &#039;ba948ece5b*&#039;
System info: os.name: &#039;Windows 10&#039;, os.arch: &#039;amd64&#039;, os.version: &#039;10.0&#039;, java.version: &#039;17.0.8&#039;
Driver info: io.appium.java_client.android.AndroidDriver
Command: [1f265e52fc7d098a0c623d7e71ec6e3077aba755, findElement {using=accessibility id, value=Preference}]
Capabilities {appium:appActivity: io.appium.android.apis.ApiD..., appium:appPackage: io.appium.android.apis, appium:automationName: uiautomator2, appium:browserstack.gpsLocation: 14.599512,120.984222, appium:browserstack.networkLogs: true, appium:browserstack.timezone: manila, appium:build: jonas, appium:chromedriverPort: 18084, appium:chromedriverPorts: [[18144, 18154]], appium:databaseEnabled: false, appium:desired: {appActivity: io.appium.android.apis.ApiD..., appPackage: io.appium.android.apis, automationName: uiautomator2, browserstack.gpsLocation: 14.599512,120.984222, browserstack.networkLogs: true, browserstack.timezone: manila, bstack:options: {appiumVersion: 1.17.0, buildIdentifier: #35, hostName: COLLABPH1002987, localIdentifier: 15_Nov_1140_COLLABPH1002987...}, build: jonas, chromedriverPort: 18084, chromedriverPorts: [[18144, 18154]], device: google pixel 3, deviceName: Android, deviceOrientation: landscape, disableSuppressAccessibilityService: true, goog:chromeOptions: {}, name: test, nativeWebScreenshot: true, newCommandTimeout: 0, os_version: 9.0, platformName: Android, project: apidemos, skipServerInstallation: true, systemPort: 8204, udid: R3CR904PP9E}, appium:device: google pixel 3, appium:deviceApiLevel: 30, appium:deviceManufacturer: samsung, appium:deviceModel: SM-G991B, appium:deviceName: R3CR904PP9E, appium:deviceOrientation: landscape, appium:deviceScreenDensity: 480, appium:deviceScreenSize: 1080x2400, appium:deviceUDID: R3CR904PP9E, appium:disableSuppressAccessibilityService: true, appium:javascriptEnabled: true, appium:locationContextEnabled: false, appium:name: test, appium:nativeWebScreenshot: true, appium:networkConnectionEnabled: true, appium:newCommandTimeout: 0, appium:optimalHubUrl: hub-apse.browserstack.com, appium:os_version: 9.0, appium:pixelRatio: 3, appium:platformVersion: 11, appium:project: apidemos, appium:skipServerInstallation: true, appium:statBarHeight: 79, appium:systemPort: 8204, appium:takesScreenshot: true, appium:udid: R3CR904PP9E, appium:viewportRect: {height: 2097, left: 0, top: 79, width: 1080}, appium:warnings: {}, appium:webStorageEnabled: false, bstack:options: {appiumVersion: 1.17.0, buildIdentifier: #35, hostName: COLLABPH1002987, localIdentifier: 15_Nov_1140_COLLABPH1002987...}, goog:chromeOptions: {}, platformName: ANDROID}
Session ID: 1f265e52fc7d098a0c623d7e71ec6e3077aba755" type="org.openqa.selenium.NoSuchElementException">
      <![CDATA[org.openqa.selenium.NoSuchElementException: An element could not be located on the page using the given search parameters.
For documentation on this error, please visit: https://www.selenium.dev/documentation/webdriver/troubleshooting/errors#no-such-element-exception
Build info: version: '4.13.0', revision: 'ba948ece5b*'
System info: os.name: 'Windows 10', os.arch: 'amd64', os.version: '10.0', java.version: '17.0.8'
Driver info: io.appium.java_client.android.AndroidDriver
Command: [1f265e52fc7d098a0c623d7e71ec6e3077aba755, findElement {using=accessibility id, value=Preference}]
Capabilities {appium:appActivity: io.appium.android.apis.ApiD..., appium:appPackage: io.appium.android.apis, appium:automationName: uiautomator2, appium:browserstack.gpsLocation: 14.599512,120.984222, appium:browserstack.networkLogs: true, appium:browserstack.timezone: manila, appium:build: jonas, appium:chromedriverPort: 18084, appium:chromedriverPorts: [[18144, 18154]], appium:databaseEnabled: false, appium:desired: {appActivity: io.appium.android.apis.ApiD..., appPackage: io.appium.android.apis, automationName: uiautomator2, browserstack.gpsLocation: 14.599512,120.984222, browserstack.networkLogs: true, browserstack.timezone: manila, bstack:options: {appiumVersion: 1.17.0, buildIdentifier: #35, hostName: COLLABPH1002987, localIdentifier: 15_Nov_1140_COLLABPH1002987...}, build: jonas, chromedriverPort: 18084, chromedriverPorts: [[18144, 18154]], device: google pixel 3, deviceName: Android, deviceOrientation: landscape, disableSuppressAccessibilityService: true, goog:chromeOptions: {}, name: test, nativeWebScreenshot: true, newCommandTimeout: 0, os_version: 9.0, platformName: Android, project: apidemos, skipServerInstallation: true, systemPort: 8204, udid: R3CR904PP9E}, appium:device: google pixel 3, appium:deviceApiLevel: 30, appium:deviceManufacturer: samsung, appium:deviceModel: SM-G991B, appium:deviceName: R3CR904PP9E, appium:deviceOrientation: landscape, appium:deviceScreenDensity: 480, appium:deviceScreenSize: 1080x2400, appium:deviceUDID: R3CR904PP9E, appium:disableSuppressAccessibilityService: true, appium:javascriptEnabled: true, appium:locationContextEnabled: false, appium:name: test, appium:nativeWebScreenshot: true, appium:networkConnectionEnabled: true, appium:newCommandTimeout: 0, appium:optimalHubUrl: hub-apse.browserstack.com, appium:os_version: 9.0, appium:pixelRatio: 3, appium:platformVersion: 11, appium:project: apidemos, appium:skipServerInstallation: true, appium:statBarHeight: 79, appium:systemPort: 8204, appium:takesScreenshot: true, appium:udid: R3CR904PP9E, appium:viewportRect: {height: 2097, left: 0, top: 79, width: 1080}, appium:warnings: {}, appium:webStorageEnabled: false, bstack:options: {appiumVersion: 1.17.0, buildIdentifier: #35, hostName: COLLABPH1002987, localIdentifier: 15_Nov_1140_COLLABPH1002987...}, goog:chromeOptions: {}, platformName: ANDROID}
Session ID: 1f265e52fc7d098a0c623d7e71ec6e3077aba755
at java.base/jdk.internal.reflect.NativeConstructorAccessorImpl.newInstance0(Native Method)
at java.base/jdk.internal.reflect.NativeConstructorAccessorImpl.newInstance(NativeConstructorAccessorImpl.java:77)
at java.base/jdk.internal.reflect.DelegatingConstructorAccessorImpl.newInstance(DelegatingConstructorAccessorImpl.java:45)
at java.base/java.lang.reflect.Constructor.newInstanceWithCaller(Constructor.java:499)
at java.base/java.lang.reflect.Constructor.newInstance(Constructor.java:480)
at org.openqa.selenium.remote.codec.w3c.W3CHttpResponseCodec.createException(W3CHttpResponseCodec.java:200)
at org.openqa.selenium.remote.codec.w3c.W3CHttpResponseCodec.decode(W3CHttpResponseCodec.java:133)
at org.openqa.selenium.remote.codec.w3c.W3CHttpResponseCodec.decode(W3CHttpResponseCodec.java:52)
at org.openqa.selenium.remote.HttpCommandExecutor.execute(HttpCommandExecutor.java:191)
at io.appium.java_client.remote.AppiumCommandExecutor.execute(AppiumCommandExecutor.java:262)
at org.openqa.selenium.remote.RemoteWebDriver.execute(RemoteWebDriver.java:602)
at org.openqa.selenium.remote.ElementLocation$ElementFinder$2.findElement(ElementLocation.java:165)
at org.openqa.selenium.remote.ElementLocation.findElement(ElementLocation.java:66)
at org.openqa.selenium.remote.RemoteWebDriver.findElement(RemoteWebDriver.java:359)
at org.openqa.selenium.remote.RemoteWebDriver.findElement(RemoteWebDriver.java:353)
at com.android.TestCapabilities.clickOnPreference(TestCapabilities.java:56)
at java.base/jdk.internal.reflect.NativeMethodAccessorImpl.invoke0(Native Method)
at java.base/jdk.internal.reflect.NativeMethodAccessorImpl.invoke(NativeMethodAccessorImpl.java:77)
at java.base/jdk.internal.reflect.DelegatingMethodAccessorImpl.invoke(DelegatingMethodAccessorImpl.java:43)
at java.base/java.lang.reflect.Method.invoke(Method.java:568)
at org.testng.internal.invokers.MethodInvocationHelper.invokeMethod(MethodInvocationHelper.java:135)
at org.testng.internal.invokers.TestInvoker.invokeMethod(TestInvoker.java:673)
at org.testng.internal.invokers.TestInvoker.invokeTestMethod(TestInvoker.java:220)
at org.testng.internal.invokers.MethodRunner.runInSequence(MethodRunner.java:50)
at org.testng.internal.invokers.TestInvoker$MethodInvocationAgent.invoke(TestInvoker.java:945)
at org.testng.internal.invokers.TestInvoker.invokeTestMethods(TestInvoker.java:193)
at org.testng.internal.invokers.TestMethodWorker.invokeTestMethods(TestMethodWorker.java:146)
at org.testng.internal.invokers.TestMethodWorker.run(TestMethodWorker.java:128)
at java.base/java.util.ArrayList.forEach(ArrayList.java:1511)
at org.testng.TestRunner.privateRun(TestRunner.java:808)
at org.testng.TestRunner.run(TestRunner.java:603)
at org.testng.SuiteRunner.runTest(SuiteRunner.java:429)
at org.testng.SuiteRunner.access$000(SuiteRunner.java:32)
at org.testng.SuiteRunner$SuiteWorker.run(SuiteRunner.java:467)
at org.testng.internal.thread.ThreadUtil.lambda$execute$0(ThreadUtil.java:58)
at java.base/java.util.concurrent.FutureTask.run(FutureTask.java:264)
at java.base/java.util.concurrent.ThreadPoolExecutor.runWorker(ThreadPoolExecutor.java:1136)
at java.base/java.util.concurrent.ThreadPoolExecutor$Worker.run(ThreadPoolExecutor.java:635)
at java.base/java.lang.Thread.run(Thread.java:833)
]]>
    </error>
  </testcase> <!-- clickOnPreference -->
  <system-out/>
  <testcase classname="com.android.TestCapabilities" name="clickOnPreference" time="0.353">
    <error message="An element could not be located on the page using the given search parameters.
For documentation on this error, please visit: https://www.selenium.dev/documentation/webdriver/troubleshooting/errors#no-such-element-exception
Build info: version: &#039;4.13.0&#039;, revision: &#039;ba948ece5b*&#039;
System info: os.name: &#039;Windows 10&#039;, os.arch: &#039;amd64&#039;, os.version: &#039;10.0&#039;, java.version: &#039;17.0.8&#039;
Driver info: io.appium.java_client.android.AndroidDriver
Command: [b3915c9a59e08c12835270d360669c3e24b8b0c1, findElement {using=accessibility id, value=Preference}]
Capabilities {appium:appActivity: io.appium.android.apis.ApiD..., appium:appPackage: io.appium.android.apis, appium:automationName: uiautomator2, appium:browserstack.gpsLocation: 14.599512,120.984222, appium:browserstack.networkLogs: true, appium:browserstack.timezone: manila, appium:build: jonas, appium:chromedriverPort: 18080, appium:chromedriverPorts: [[18100, 18110]], appium:databaseEnabled: false, appium:desired: {appActivity: io.appium.android.apis.ApiD..., appPackage: io.appium.android.apis, automationName: uiautomator2, browserstack.gpsLocation: 14.599512,120.984222, browserstack.networkLogs: true, browserstack.timezone: manila, bstack:options: {appiumVersion: 1.17.0, buildIdentifier: #35, hostName: COLLABPH1002987, localIdentifier: 15_Nov_1140_COLLABPH1002987...}, build: jonas, chromedriverPort: 18080, chromedriverPorts: [[18100, 18110]], device: google pixel 3, deviceName: Android, deviceOrientation: landscape, disableSuppressAccessibilityService: true, goog:chromeOptions: {}, name: test, nativeWebScreenshot: true, newCommandTimeout: 0, os_version: 9.0, platformName: Android, project: apidemos, skipServerInstallation: true, systemPort: 8200, udid: 1B121FDEE004JX}, appium:device: google pixel 3, appium:deviceApiLevel: 31, appium:deviceManufacturer: Google, appium:deviceModel: Pixel 6 Pro, appium:deviceName: 1B121FDEE004JX, appium:deviceOrientation: landscape, appium:deviceScreenDensity: 560, appium:deviceScreenSize: 3120x1440, appium:deviceUDID: 1B121FDEE004JX, appium:disableSuppressAccessibilityService: true, appium:javascriptEnabled: true, appium:locationContextEnabled: false, appium:name: test, appium:nativeWebScreenshot: true, appium:networkConnectionEnabled: true, appium:newCommandTimeout: 0, appium:optimalHubUrl: hub-apse.browserstack.com, appium:os_version: 9.0, appium:pixelRatio: 3.5, appium:platformVersion: 12, appium:project: apidemos, appium:skipServerInstallation: true, appium:statBarHeight: 98, appium:systemPort: 8200, appium:takesScreenshot: true, appium:udid: 1B121FDEE004JX, appium:viewportRect: {height: 1286, left: 0, top: 98, width: 2990}, appium:warnings: {}, appium:webStorageEnabled: false, bstack:options: {appiumVersion: 1.17.0, buildIdentifier: #35, hostName: COLLABPH1002987, localIdentifier: 15_Nov_1140_COLLABPH1002987...}, goog:chromeOptions: {}, platformName: ANDROID}
Session ID: b3915c9a59e08c12835270d360669c3e24b8b0c1" type="org.openqa.selenium.NoSuchElementException">
      <![CDATA[org.openqa.selenium.NoSuchElementException: An element could not be located on the page using the given search parameters.
For documentation on this error, please visit: https://www.selenium.dev/documentation/webdriver/troubleshooting/errors#no-such-element-exception
Build info: version: '4.13.0', revision: 'ba948ece5b*'
System info: os.name: 'Windows 10', os.arch: 'amd64', os.version: '10.0', java.version: '17.0.8'
Driver info: io.appium.java_client.android.AndroidDriver
Command: [b3915c9a59e08c12835270d360669c3e24b8b0c1, findElement {using=accessibility id, value=Preference}]
Capabilities {appium:appActivity: io.appium.android.apis.ApiD..., appium:appPackage: io.appium.android.apis, appium:automationName: uiautomator2, appium:browserstack.gpsLocation: 14.599512,120.984222, appium:browserstack.networkLogs: true, appium:browserstack.timezone: manila, appium:build: jonas, appium:chromedriverPort: 18080, appium:chromedriverPorts: [[18100, 18110]], appium:databaseEnabled: false, appium:desired: {appActivity: io.appium.android.apis.ApiD..., appPackage: io.appium.android.apis, automationName: uiautomator2, browserstack.gpsLocation: 14.599512,120.984222, browserstack.networkLogs: true, browserstack.timezone: manila, bstack:options: {appiumVersion: 1.17.0, buildIdentifier: #35, hostName: COLLABPH1002987, localIdentifier: 15_Nov_1140_COLLABPH1002987...}, build: jonas, chromedriverPort: 18080, chromedriverPorts: [[18100, 18110]], device: google pixel 3, deviceName: Android, deviceOrientation: landscape, disableSuppressAccessibilityService: true, goog:chromeOptions: {}, name: test, nativeWebScreenshot: true, newCommandTimeout: 0, os_version: 9.0, platformName: Android, project: apidemos, skipServerInstallation: true, systemPort: 8200, udid: 1B121FDEE004JX}, appium:device: google pixel 3, appium:deviceApiLevel: 31, appium:deviceManufacturer: Google, appium:deviceModel: Pixel 6 Pro, appium:deviceName: 1B121FDEE004JX, appium:deviceOrientation: landscape, appium:deviceScreenDensity: 560, appium:deviceScreenSize: 3120x1440, appium:deviceUDID: 1B121FDEE004JX, appium:disableSuppressAccessibilityService: true, appium:javascriptEnabled: true, appium:locationContextEnabled: false, appium:name: test, appium:nativeWebScreenshot: true, appium:networkConnectionEnabled: true, appium:newCommandTimeout: 0, appium:optimalHubUrl: hub-apse.browserstack.com, appium:os_version: 9.0, appium:pixelRatio: 3.5, appium:platformVersion: 12, appium:project: apidemos, appium:skipServerInstallation: true, appium:statBarHeight: 98, appium:systemPort: 8200, appium:takesScreenshot: true, appium:udid: 1B121FDEE004JX, appium:viewportRect: {height: 1286, left: 0, top: 98, width: 2990}, appium:warnings: {}, appium:webStorageEnabled: false, bstack:options: {appiumVersion: 1.17.0, buildIdentifier: #35, hostName: COLLABPH1002987, localIdentifier: 15_Nov_1140_COLLABPH1002987...}, goog:chromeOptions: {}, platformName: ANDROID}
Session ID: b3915c9a59e08c12835270d360669c3e24b8b0c1
at java.base/jdk.internal.reflect.NativeConstructorAccessorImpl.newInstance0(Native Method)
at java.base/jdk.internal.reflect.NativeConstructorAccessorImpl.newInstance(NativeConstructorAccessorImpl.java:77)
at java.base/jdk.internal.reflect.DelegatingConstructorAccessorImpl.newInstance(DelegatingConstructorAccessorImpl.java:45)
at java.base/java.lang.reflect.Constructor.newInstanceWithCaller(Constructor.java:499)
at java.base/java.lang.reflect.Constructor.newInstance(Constructor.java:480)
at org.openqa.selenium.remote.codec.w3c.W3CHttpResponseCodec.createException(W3CHttpResponseCodec.java:200)
at org.openqa.selenium.remote.codec.w3c.W3CHttpResponseCodec.decode(W3CHttpResponseCodec.java:133)
at org.openqa.selenium.remote.codec.w3c.W3CHttpResponseCodec.decode(W3CHttpResponseCodec.java:52)
at org.openqa.selenium.remote.HttpCommandExecutor.execute(HttpCommandExecutor.java:191)
at io.appium.java_client.remote.AppiumCommandExecutor.execute(AppiumCommandExecutor.java:262)
at org.openqa.selenium.remote.RemoteWebDriver.execute(RemoteWebDriver.java:602)
at org.openqa.selenium.remote.ElementLocation$ElementFinder$2.findElement(ElementLocation.java:165)
at org.openqa.selenium.remote.ElementLocation.findElement(ElementLocation.java:66)
at org.openqa.selenium.remote.RemoteWebDriver.findElement(RemoteWebDriver.java:359)
at org.openqa.selenium.remote.RemoteWebDriver.findElement(RemoteWebDriver.java:353)
at com.android.TestCapabilities.clickOnPreference(TestCapabilities.java:56)
at java.base/jdk.internal.reflect.NativeMethodAccessorImpl.invoke0(Native Method)
at java.base/jdk.internal.reflect.NativeMethodAccessorImpl.invoke(NativeMethodAccessorImpl.java:77)
at java.base/jdk.internal.reflect.DelegatingMethodAccessorImpl.invoke(DelegatingMethodAccessorImpl.java:43)
at java.base/java.lang.reflect.Method.invoke(Method.java:568)
at org.testng.internal.invokers.MethodInvocationHelper.invokeMethod(MethodInvocationHelper.java:135)
at org.testng.internal.invokers.TestInvoker.invokeMethod(TestInvoker.java:673)
at org.testng.internal.invokers.TestInvoker.invokeTestMethod(TestInvoker.java:220)
at org.testng.internal.invokers.MethodRunner.runInSequence(MethodRunner.java:50)
at org.testng.internal.invokers.TestInvoker$MethodInvocationAgent.invoke(TestInvoker.java:945)
at org.testng.internal.invokers.TestInvoker.invokeTestMethods(TestInvoker.java:193)
at org.testng.internal.invokers.TestMethodWorker.invokeTestMethods(TestMethodWorker.java:146)
at org.testng.internal.invokers.TestMethodWorker.run(TestMethodWorker.java:128)
at java.base/java.util.ArrayList.forEach(ArrayList.java:1511)
at org.testng.TestRunner.privateRun(TestRunner.java:808)
at org.testng.TestRunner.run(TestRunner.java:603)
at org.testng.SuiteRunner.runTest(SuiteRunner.java:429)
at org.testng.SuiteRunner.access$000(SuiteRunner.java:32)
at org.testng.SuiteRunner$SuiteWorker.run(SuiteRunner.java:467)
at org.testng.internal.thread.ThreadUtil.lambda$execute$0(ThreadUtil.java:58)
at java.base/java.util.concurrent.FutureTask.run(FutureTask.java:264)
at java.base/java.util.concurrent.ThreadPoolExecutor.runWorker(ThreadPoolExecutor.java:1136)
at java.base/java.util.concurrent.ThreadPoolExecutor$Worker.run(ThreadPoolExecutor.java:635)
at java.base/java.lang.Thread.run(Thread.java:833)
]]>
    </error>
  </testcase> <!-- clickOnPreference -->
  <system-out/>
  <testcase classname="com.android.TestCapabilities" name="clickOnPreference" time="0.752">
    <error message="An element could not be located on the page using the given search parameters.
For documentation on this error, please visit: https://www.selenium.dev/documentation/webdriver/troubleshooting/errors#no-such-element-exception
Build info: version: &#039;4.13.0&#039;, revision: &#039;ba948ece5b*&#039;
System info: os.name: &#039;Windows 10&#039;, os.arch: &#039;amd64&#039;, os.version: &#039;10.0&#039;, java.version: &#039;17.0.8&#039;
Driver info: io.appium.java_client.android.AndroidDriver
Command: [e5a05dddbe0280f8186309e0d984f6c8e39149e4, findElement {using=accessibility id, value=Preference}]
Capabilities {appium:appActivity: io.appium.android.apis.ApiD..., appium:appPackage: io.appium.android.apis, appium:automationName: uiautomator2, appium:browserstack.gpsLocation: 14.599512,120.984222, appium:browserstack.networkLogs: true, appium:browserstack.timezone: manila, appium:build: jonas, appium:chromedriverPort: 18081, appium:chromedriverPorts: [[18111, 18121]], appium:databaseEnabled: false, appium:desired: {appActivity: io.appium.android.apis.ApiD..., appPackage: io.appium.android.apis, automationName: uiautomator2, browserstack.gpsLocation: 14.599512,120.984222, browserstack.networkLogs: true, browserstack.timezone: manila, bstack:options: {appiumVersion: 1.17.0, buildIdentifier: #35, hostName: COLLABPH1002987, localIdentifier: 15_Nov_1140_COLLABPH1002987...}, build: jonas, chromedriverPort: 18081, chromedriverPorts: [[18111, 18121]], device: google pixel 3, deviceName: Android, deviceOrientation: landscape, disableSuppressAccessibilityService: true, goog:chromeOptions: {}, name: test, nativeWebScreenshot: true, newCommandTimeout: 0, os_version: 9.0, platformName: Android, project: apidemos, skipServerInstallation: true, systemPort: 8201, udid: R3CT508TGXZ}, appium:device: google pixel 3, appium:deviceApiLevel: 31, appium:deviceManufacturer: samsung, appium:deviceModel: SM-S908B, appium:deviceName: R3CT508TGXZ, appium:deviceOrientation: landscape, appium:deviceScreenDensity: 450, appium:deviceScreenSize: 1080x2316, appium:deviceUDID: R3CT508TGXZ, appium:disableSuppressAccessibilityService: true, appium:javascriptEnabled: true, appium:locationContextEnabled: false, appium:name: test, appium:nativeWebScreenshot: true, appium:networkConnectionEnabled: true, appium:newCommandTimeout: 0, appium:optimalHubUrl: hub-apse.browserstack.com, appium:os_version: 9.0, appium:pixelRatio: 2.8125, appium:platformVersion: 12, appium:project: apidemos, appium:skipServerInstallation: true, appium:statBarHeight: 68, appium:systemPort: 8201, appium:takesScreenshot: true, appium:udid: R3CT508TGXZ, appium:viewportRect: {height: 1012, left: 0, top: 68, width: 2106}, appium:warnings: {}, appium:webStorageEnabled: false, bstack:options: {appiumVersion: 1.17.0, buildIdentifier: #35, hostName: COLLABPH1002987, localIdentifier: 15_Nov_1140_COLLABPH1002987...}, goog:chromeOptions: {}, platformName: ANDROID}
Session ID: e5a05dddbe0280f8186309e0d984f6c8e39149e4" type="org.openqa.selenium.NoSuchElementException">
      <![CDATA[org.openqa.selenium.NoSuchElementException: An element could not be located on the page using the given search parameters.
For documentation on this error, please visit: https://www.selenium.dev/documentation/webdriver/troubleshooting/errors#no-such-element-exception
Build info: version: '4.13.0', revision: 'ba948ece5b*'
System info: os.name: 'Windows 10', os.arch: 'amd64', os.version: '10.0', java.version: '17.0.8'
Driver info: io.appium.java_client.android.AndroidDriver
Command: [e5a05dddbe0280f8186309e0d984f6c8e39149e4, findElement {using=accessibility id, value=Preference}]
Capabilities {appium:appActivity: io.appium.android.apis.ApiD..., appium:appPackage: io.appium.android.apis, appium:automationName: uiautomator2, appium:browserstack.gpsLocation: 14.599512,120.984222, appium:browserstack.networkLogs: true, appium:browserstack.timezone: manila, appium:build: jonas, appium:chromedriverPort: 18081, appium:chromedriverPorts: [[18111, 18121]], appium:databaseEnabled: false, appium:desired: {appActivity: io.appium.android.apis.ApiD..., appPackage: io.appium.android.apis, automationName: uiautomator2, browserstack.gpsLocation: 14.599512,120.984222, browserstack.networkLogs: true, browserstack.timezone: manila, bstack:options: {appiumVersion: 1.17.0, buildIdentifier: #35, hostName: COLLABPH1002987, localIdentifier: 15_Nov_1140_COLLABPH1002987...}, build: jonas, chromedriverPort: 18081, chromedriverPorts: [[18111, 18121]], device: google pixel 3, deviceName: Android, deviceOrientation: landscape, disableSuppressAccessibilityService: true, goog:chromeOptions: {}, name: test, nativeWebScreenshot: true, newCommandTimeout: 0, os_version: 9.0, platformName: Android, project: apidemos, skipServerInstallation: true, systemPort: 8201, udid: R3CT508TGXZ}, appium:device: google pixel 3, appium:deviceApiLevel: 31, appium:deviceManufacturer: samsung, appium:deviceModel: SM-S908B, appium:deviceName: R3CT508TGXZ, appium:deviceOrientation: landscape, appium:deviceScreenDensity: 450, appium:deviceScreenSize: 1080x2316, appium:deviceUDID: R3CT508TGXZ, appium:disableSuppressAccessibilityService: true, appium:javascriptEnabled: true, appium:locationContextEnabled: false, appium:name: test, appium:nativeWebScreenshot: true, appium:networkConnectionEnabled: true, appium:newCommandTimeout: 0, appium:optimalHubUrl: hub-apse.browserstack.com, appium:os_version: 9.0, appium:pixelRatio: 2.8125, appium:platformVersion: 12, appium:project: apidemos, appium:skipServerInstallation: true, appium:statBarHeight: 68, appium:systemPort: 8201, appium:takesScreenshot: true, appium:udid: R3CT508TGXZ, appium:viewportRect: {height: 1012, left: 0, top: 68, width: 2106}, appium:warnings: {}, appium:webStorageEnabled: false, bstack:options: {appiumVersion: 1.17.0, buildIdentifier: #35, hostName: COLLABPH1002987, localIdentifier: 15_Nov_1140_COLLABPH1002987...}, goog:chromeOptions: {}, platformName: ANDROID}
Session ID: e5a05dddbe0280f8186309e0d984f6c8e39149e4
at java.base/jdk.internal.reflect.NativeConstructorAccessorImpl.newInstance0(Native Method)
at java.base/jdk.internal.reflect.NativeConstructorAccessorImpl.newInstance(NativeConstructorAccessorImpl.java:77)
at java.base/jdk.internal.reflect.DelegatingConstructorAccessorImpl.newInstance(DelegatingConstructorAccessorImpl.java:45)
at java.base/java.lang.reflect.Constructor.newInstanceWithCaller(Constructor.java:499)
at java.base/java.lang.reflect.Constructor.newInstance(Constructor.java:480)
at org.openqa.selenium.remote.codec.w3c.W3CHttpResponseCodec.createException(W3CHttpResponseCodec.java:200)
at org.openqa.selenium.remote.codec.w3c.W3CHttpResponseCodec.decode(W3CHttpResponseCodec.java:133)
at org.openqa.selenium.remote.codec.w3c.W3CHttpResponseCodec.decode(W3CHttpResponseCodec.java:52)
at org.openqa.selenium.remote.HttpCommandExecutor.execute(HttpCommandExecutor.java:191)
at io.appium.java_client.remote.AppiumCommandExecutor.execute(AppiumCommandExecutor.java:262)
at org.openqa.selenium.remote.RemoteWebDriver.execute(RemoteWebDriver.java:602)
at org.openqa.selenium.remote.ElementLocation$ElementFinder$2.findElement(ElementLocation.java:165)
at org.openqa.selenium.remote.ElementLocation.findElement(ElementLocation.java:66)
at org.openqa.selenium.remote.RemoteWebDriver.findElement(RemoteWebDriver.java:359)
at org.openqa.selenium.remote.RemoteWebDriver.findElement(RemoteWebDriver.java:353)
at com.android.TestCapabilities.clickOnPreference(TestCapabilities.java:56)
at java.base/jdk.internal.reflect.NativeMethodAccessorImpl.invoke0(Native Method)
at java.base/jdk.internal.reflect.NativeMethodAccessorImpl.invoke(NativeMethodAccessorImpl.java:77)
at java.base/jdk.internal.reflect.DelegatingMethodAccessorImpl.invoke(DelegatingMethodAccessorImpl.java:43)
at java.base/java.lang.reflect.Method.invoke(Method.java:568)
at org.testng.internal.invokers.MethodInvocationHelper.invokeMethod(MethodInvocationHelper.java:135)
at org.testng.internal.invokers.TestInvoker.invokeMethod(TestInvoker.java:673)
at org.testng.internal.invokers.TestInvoker.invokeTestMethod(TestInvoker.java:220)
at org.testng.internal.invokers.MethodRunner.runInSequence(MethodRunner.java:50)
at org.testng.internal.invokers.TestInvoker$MethodInvocationAgent.invoke(TestInvoker.java:945)
at org.testng.internal.invokers.TestInvoker.invokeTestMethods(TestInvoker.java:193)
at org.testng.internal.invokers.TestMethodWorker.invokeTestMethods(TestMethodWorker.java:146)
at org.testng.internal.invokers.TestMethodWorker.run(TestMethodWorker.java:128)
at java.base/java.util.ArrayList.forEach(ArrayList.java:1511)
at org.testng.TestRunner.privateRun(TestRunner.java:808)
at org.testng.TestRunner.run(TestRunner.java:603)
at org.testng.SuiteRunner.runTest(SuiteRunner.java:429)
at org.testng.SuiteRunner.access$000(SuiteRunner.java:32)
at org.testng.SuiteRunner$SuiteWorker.run(SuiteRunner.java:467)
at org.testng.internal.thread.ThreadUtil.lambda$execute$0(ThreadUtil.java:58)
at java.base/java.util.concurrent.FutureTask.run(FutureTask.java:264)
at java.base/java.util.concurrent.ThreadPoolExecutor.runWorker(ThreadPoolExecutor.java:1136)
at java.base/java.util.concurrent.ThreadPoolExecutor$Worker.run(ThreadPoolExecutor.java:635)
at java.base/java.lang.Thread.run(Thread.java:833)
]]>
    </error>
  </testcase> <!-- clickOnPreference -->
  <system-out/>
</testsuite> <!-- com.android.TestCapabilities -->
