<?xml version="1.0" encoding="UTF-8"?>
<!-- Generated by org.testng.reporters.JUnitReportReporter -->
<testsuite hostname="COLLABPH1002987" failures="0" tests="3" name="com.browserstack.FirstTest" time="175.029" errors="3" timestamp="2023-11-09T11:24:57 CST" skipped="0">
  <testcase classname="com.browserstack.FirstTest" name="test" time="56.677">
    <error message="Expected condition failed: waiting for element to be clickable: AppiumBy.accessibilityId: Search Wikipedia (tried for 30 second(s) with 500 milliseconds interval)
Build info: version: &#039;4.13.0&#039;, revision: &#039;ba948ece5b*&#039;
System info: os.name: &#039;Windows 10&#039;, os.arch: &#039;amd64&#039;, os.version: &#039;10.0&#039;, java.version: &#039;17.0.8&#039;
Driver info: io.appium.java_client.android.AndroidDriver
Capabilities {appium:appActivity: io.appium.android.apis.ApiD..., appium:appPackage: io.appium.android.apis, appium:automationName: uiautomator2, appium:chromedriverPort: 18085, appium:chromedriverPorts: [[18155, 18165]], appium:databaseEnabled: false, appium:desired: {appActivity: io.appium.android.apis.ApiD..., appPackage: io.appium.android.apis, automationName: uiautomator2, bstack:options: {appiumVersion: 1.17.0, buildIdentifier: #7, hostName: COLLABPH1002987, localIdentifier: 09_Nov_1123_COLLABPH1002987...}, chromedriverPort: 18085, chromedriverPorts: [[18155, 18165]], deviceName: Android, disableSuppressAccessibilityService: true, goog:chromeOptions: {}, nativeWebScreenshot: true, newCommandTimeout: 0, platformName: Android, skipServerInstallation: true, systemPort: 8205, udid: 25101FDEE002VD}, appium:deviceApiLevel: 31, appium:deviceManufacturer: Google, appium:deviceModel: Pixel 6 Pro, appium:deviceName: 25101FDEE002VD, appium:deviceScreenDensity: 560, appium:deviceScreenSize: 1440x3120, appium:deviceUDID: 25101FDEE002VD, appium:disableSuppressAccessibilityService: true, appium:javascriptEnabled: true, appium:locationContextEnabled: false, appium:nativeWebScreenshot: true, appium:networkConnectionEnabled: true, appium:newCommandTimeout: 0, appium:optimalHubUrl: hub-apse.browserstack.com, appium:pixelRatio: 3.5, appium:platformVersion: 12, appium:skipServerInstallation: true, appium:statBarHeight: 145, appium:systemPort: 8205, appium:takesScreenshot: true, appium:udid: 25101FDEE002VD, appium:viewportRect: {height: 2789, left: 0, top: 145, width: 1440}, appium:warnings: {}, appium:webStorageEnabled: false, bstack:options: {appiumVersion: 1.17.0, buildIdentifier: #7, hostName: COLLABPH1002987, localIdentifier: 09_Nov_1123_COLLABPH1002987...}, goog:chromeOptions: {}, platformName: ANDROID}
Session ID: 4b46103d63445b8e05a9036190dc7d8599150690" type="org.openqa.selenium.TimeoutException">
      <![CDATA[org.openqa.selenium.TimeoutException: Expected condition failed: waiting for element to be clickable: AppiumBy.accessibilityId: Search Wikipedia (tried for 30 second(s) with 500 milliseconds interval)
Build info: version: '4.13.0', revision: 'ba948ece5b*'
System info: os.name: 'Windows 10', os.arch: 'amd64', os.version: '10.0', java.version: '17.0.8'
Driver info: io.appium.java_client.android.AndroidDriver
Capabilities {appium:appActivity: io.appium.android.apis.ApiD..., appium:appPackage: io.appium.android.apis, appium:automationName: uiautomator2, appium:chromedriverPort: 18085, appium:chromedriverPorts: [[18155, 18165]], appium:databaseEnabled: false, appium:desired: {appActivity: io.appium.android.apis.ApiD..., appPackage: io.appium.android.apis, automationName: uiautomator2, bstack:options: {appiumVersion: 1.17.0, buildIdentifier: #7, hostName: COLLABPH1002987, localIdentifier: 09_Nov_1123_COLLABPH1002987...}, chromedriverPort: 18085, chromedriverPorts: [[18155, 18165]], deviceName: Android, disableSuppressAccessibilityService: true, goog:chromeOptions: {}, nativeWebScreenshot: true, newCommandTimeout: 0, platformName: Android, skipServerInstallation: true, systemPort: 8205, udid: 25101FDEE002VD}, appium:deviceApiLevel: 31, appium:deviceManufacturer: Google, appium:deviceModel: Pixel 6 Pro, appium:deviceName: 25101FDEE002VD, appium:deviceScreenDensity: 560, appium:deviceScreenSize: 1440x3120, appium:deviceUDID: 25101FDEE002VD, appium:disableSuppressAccessibilityService: true, appium:javascriptEnabled: true, appium:locationContextEnabled: false, appium:nativeWebScreenshot: true, appium:networkConnectionEnabled: true, appium:newCommandTimeout: 0, appium:optimalHubUrl: hub-apse.browserstack.com, appium:pixelRatio: 3.5, appium:platformVersion: 12, appium:skipServerInstallation: true, appium:statBarHeight: 145, appium:systemPort: 8205, appium:takesScreenshot: true, appium:udid: 25101FDEE002VD, appium:viewportRect: {height: 2789, left: 0, top: 145, width: 1440}, appium:warnings: {}, appium:webStorageEnabled: false, bstack:options: {appiumVersion: 1.17.0, buildIdentifier: #7, hostName: COLLABPH1002987, localIdentifier: 09_Nov_1123_COLLABPH1002987...}, goog:chromeOptions: {}, platformName: ANDROID}
Session ID: 4b46103d63445b8e05a9036190dc7d8599150690
at org.openqa.selenium.support.ui.WebDriverWait.timeoutException(WebDriverWait.java:84)
at org.openqa.selenium.support.ui.FluentWait.until(FluentWait.java:230)
at com.browserstack.FirstTest.test(FirstTest.java:18)
at java.base/jdk.internal.reflect.NativeMethodAccessorImpl.invoke0(Native Method)
at java.base/jdk.internal.reflect.NativeMethodAccessorImpl.invoke(NativeMethodAccessorImpl.java:77)
at java.base/jdk.internal.reflect.DelegatingMethodAccessorImpl.invoke(DelegatingMethodAccessorImpl.java:43)
at java.base/java.lang.reflect.Method.invoke(Method.java:568)
at org.testng.internal.invokers.MethodInvocationHelper.invokeMethod(MethodInvocationHelper.java:135)
at org.testng.internal.invokers.TestInvoker.invokeMethod(TestInvoker.java:673)
at org.testng.internal.invokers.TestInvoker.invokeTestMethod(TestInvoker.java:220)
at org.testng.internal.invokers.MethodRunner.runInSequence(MethodRunner.java:50)
at org.testng.internal.invokers.TestInvoker$MethodInvocationAgent.invoke(TestInvoker.java:945)
at org.testng.internal.invokers.TestInvoker.invokeTestMethods(TestInvoker.java:193)
at org.testng.internal.invokers.TestMethodWorker.invokeTestMethods(TestMethodWorker.java:146)
at org.testng.internal.invokers.TestMethodWorker.run(TestMethodWorker.java:128)
at java.base/java.util.ArrayList.forEach(ArrayList.java:1511)
at org.testng.TestRunner.privateRun(TestRunner.java:808)
at org.testng.TestRunner.run(TestRunner.java:603)
at org.testng.SuiteRunner.runTest(SuiteRunner.java:429)
at org.testng.SuiteRunner.access$000(SuiteRunner.java:32)
at org.testng.SuiteRunner$SuiteWorker.run(SuiteRunner.java:467)
at org.testng.internal.thread.ThreadUtil.lambda$execute$0(ThreadUtil.java:58)
at java.base/java.util.concurrent.FutureTask.run(FutureTask.java:264)
at java.base/java.util.concurrent.ThreadPoolExecutor.runWorker(ThreadPoolExecutor.java:1136)
at java.base/java.util.concurrent.ThreadPoolExecutor$Worker.run(ThreadPoolExecutor.java:635)
at java.base/java.lang.Thread.run(Thread.java:833)
]]>
    </error>
  </testcase> <!-- test -->
  <system-out/>
  <testcase classname="com.browserstack.FirstTest" name="test" time="57.984">
    <error message="Expected condition failed: waiting for element to be clickable: AppiumBy.accessibilityId: Search Wikipedia (tried for 30 second(s) with 500 milliseconds interval)
Build info: version: &#039;4.13.0&#039;, revision: &#039;ba948ece5b*&#039;
System info: os.name: &#039;Windows 10&#039;, os.arch: &#039;amd64&#039;, os.version: &#039;10.0&#039;, java.version: &#039;17.0.8&#039;
Driver info: io.appium.java_client.android.AndroidDriver
Capabilities {appium:appActivity: io.appium.android.apis.ApiD..., appium:appPackage: io.appium.android.apis, appium:automationName: uiautomator2, appium:chromedriverPort: 18084, appium:chromedriverPorts: [[18144, 18154]], appium:databaseEnabled: false, appium:desired: {appActivity: io.appium.android.apis.ApiD..., appPackage: io.appium.android.apis, automationName: uiautomator2, bstack:options: {appiumVersion: 1.17.0, buildIdentifier: #7, hostName: COLLABPH1002987, localIdentifier: 09_Nov_1123_COLLABPH1002987...}, chromedriverPort: 18084, chromedriverPorts: [[18144, 18154]], deviceName: Android, disableSuppressAccessibilityService: true, goog:chromeOptions: {}, nativeWebScreenshot: true, newCommandTimeout: 0, platformName: Android, skipServerInstallation: true, systemPort: 8204, udid: R3CT40SFEBD}, appium:deviceApiLevel: 31, appium:deviceManufacturer: samsung, appium:deviceModel: SM-S908B, appium:deviceName: R3CT40SFEBD, appium:deviceScreenDensity: 450, appium:deviceScreenSize: 1080x2316, appium:deviceUDID: R3CT40SFEBD, appium:disableSuppressAccessibilityService: true, appium:javascriptEnabled: true, appium:locationContextEnabled: false, appium:nativeWebScreenshot: true, appium:networkConnectionEnabled: true, appium:newCommandTimeout: 0, appium:optimalHubUrl: hub-apse.browserstack.com, appium:pixelRatio: 2.8125, appium:platformVersion: 12, appium:skipServerInstallation: true, appium:statBarHeight: 75, appium:systemPort: 8204, appium:takesScreenshot: true, appium:udid: R3CT40SFEBD, appium:viewportRect: {height: 2031, left: 0, top: 75, width: 1080}, appium:warnings: {}, appium:webStorageEnabled: false, bstack:options: {appiumVersion: 1.17.0, buildIdentifier: #7, hostName: COLLABPH1002987, localIdentifier: 09_Nov_1123_COLLABPH1002987...}, goog:chromeOptions: {}, platformName: ANDROID}
Session ID: 79dc2a33880685f48d339ac0f2f70e89f229f5ec" type="org.openqa.selenium.TimeoutException">
      <![CDATA[org.openqa.selenium.TimeoutException: Expected condition failed: waiting for element to be clickable: AppiumBy.accessibilityId: Search Wikipedia (tried for 30 second(s) with 500 milliseconds interval)
Build info: version: '4.13.0', revision: 'ba948ece5b*'
System info: os.name: 'Windows 10', os.arch: 'amd64', os.version: '10.0', java.version: '17.0.8'
Driver info: io.appium.java_client.android.AndroidDriver
Capabilities {appium:appActivity: io.appium.android.apis.ApiD..., appium:appPackage: io.appium.android.apis, appium:automationName: uiautomator2, appium:chromedriverPort: 18084, appium:chromedriverPorts: [[18144, 18154]], appium:databaseEnabled: false, appium:desired: {appActivity: io.appium.android.apis.ApiD..., appPackage: io.appium.android.apis, automationName: uiautomator2, bstack:options: {appiumVersion: 1.17.0, buildIdentifier: #7, hostName: COLLABPH1002987, localIdentifier: 09_Nov_1123_COLLABPH1002987...}, chromedriverPort: 18084, chromedriverPorts: [[18144, 18154]], deviceName: Android, disableSuppressAccessibilityService: true, goog:chromeOptions: {}, nativeWebScreenshot: true, newCommandTimeout: 0, platformName: Android, skipServerInstallation: true, systemPort: 8204, udid: R3CT40SFEBD}, appium:deviceApiLevel: 31, appium:deviceManufacturer: samsung, appium:deviceModel: SM-S908B, appium:deviceName: R3CT40SFEBD, appium:deviceScreenDensity: 450, appium:deviceScreenSize: 1080x2316, appium:deviceUDID: R3CT40SFEBD, appium:disableSuppressAccessibilityService: true, appium:javascriptEnabled: true, appium:locationContextEnabled: false, appium:nativeWebScreenshot: true, appium:networkConnectionEnabled: true, appium:newCommandTimeout: 0, appium:optimalHubUrl: hub-apse.browserstack.com, appium:pixelRatio: 2.8125, appium:platformVersion: 12, appium:skipServerInstallation: true, appium:statBarHeight: 75, appium:systemPort: 8204, appium:takesScreenshot: true, appium:udid: R3CT40SFEBD, appium:viewportRect: {height: 2031, left: 0, top: 75, width: 1080}, appium:warnings: {}, appium:webStorageEnabled: false, bstack:options: {appiumVersion: 1.17.0, buildIdentifier: #7, hostName: COLLABPH1002987, localIdentifier: 09_Nov_1123_COLLABPH1002987...}, goog:chromeOptions: {}, platformName: ANDROID}
Session ID: 79dc2a33880685f48d339ac0f2f70e89f229f5ec
at org.openqa.selenium.support.ui.WebDriverWait.timeoutException(WebDriverWait.java:84)
at org.openqa.selenium.support.ui.FluentWait.until(FluentWait.java:230)
at com.browserstack.FirstTest.test(FirstTest.java:18)
at java.base/jdk.internal.reflect.NativeMethodAccessorImpl.invoke0(Native Method)
at java.base/jdk.internal.reflect.NativeMethodAccessorImpl.invoke(NativeMethodAccessorImpl.java:77)
at java.base/jdk.internal.reflect.DelegatingMethodAccessorImpl.invoke(DelegatingMethodAccessorImpl.java:43)
at java.base/java.lang.reflect.Method.invoke(Method.java:568)
at org.testng.internal.invokers.MethodInvocationHelper.invokeMethod(MethodInvocationHelper.java:135)
at org.testng.internal.invokers.TestInvoker.invokeMethod(TestInvoker.java:673)
at org.testng.internal.invokers.TestInvoker.invokeTestMethod(TestInvoker.java:220)
at org.testng.internal.invokers.MethodRunner.runInSequence(MethodRunner.java:50)
at org.testng.internal.invokers.TestInvoker$MethodInvocationAgent.invoke(TestInvoker.java:945)
at org.testng.internal.invokers.TestInvoker.invokeTestMethods(TestInvoker.java:193)
at org.testng.internal.invokers.TestMethodWorker.invokeTestMethods(TestMethodWorker.java:146)
at org.testng.internal.invokers.TestMethodWorker.run(TestMethodWorker.java:128)
at java.base/java.util.ArrayList.forEach(ArrayList.java:1511)
at org.testng.TestRunner.privateRun(TestRunner.java:808)
at org.testng.TestRunner.run(TestRunner.java:603)
at org.testng.SuiteRunner.runTest(SuiteRunner.java:429)
at org.testng.SuiteRunner.access$000(SuiteRunner.java:32)
at org.testng.SuiteRunner$SuiteWorker.run(SuiteRunner.java:467)
at org.testng.internal.thread.ThreadUtil.lambda$execute$0(ThreadUtil.java:58)
at java.base/java.util.concurrent.FutureTask.run(FutureTask.java:264)
at java.base/java.util.concurrent.ThreadPoolExecutor.runWorker(ThreadPoolExecutor.java:1136)
at java.base/java.util.concurrent.ThreadPoolExecutor$Worker.run(ThreadPoolExecutor.java:635)
at java.base/java.lang.Thread.run(Thread.java:833)
]]>
    </error>
  </testcase> <!-- test -->
  <system-out/>
  <testcase classname="com.browserstack.FirstTest" name="test" time="60.368">
    <error message="Expected condition failed: waiting for element to be clickable: AppiumBy.accessibilityId: Search Wikipedia (tried for 30 second(s) with 500 milliseconds interval)
Build info: version: &#039;4.13.0&#039;, revision: &#039;ba948ece5b*&#039;
System info: os.name: &#039;Windows 10&#039;, os.arch: &#039;amd64&#039;, os.version: &#039;10.0&#039;, java.version: &#039;17.0.8&#039;
Driver info: io.appium.java_client.android.AndroidDriver
Capabilities {appium:appActivity: io.appium.android.apis.ApiD..., appium:appPackage: io.appium.android.apis, appium:automationName: uiautomator2, appium:chromedriverPort: 18083, appium:chromedriverPorts: [[18133, 18143]], appium:databaseEnabled: false, appium:desired: {appActivity: io.appium.android.apis.ApiD..., appPackage: io.appium.android.apis, automationName: uiautomator2, bstack:options: {appiumVersion: 1.17.0, buildIdentifier: #7, hostName: COLLABPH1002987, localIdentifier: 09_Nov_1123_COLLABPH1002987...}, chromedriverPort: 18083, chromedriverPorts: [[18133, 18143]], deviceName: Android, disableSuppressAccessibilityService: true, goog:chromeOptions: {}, nativeWebScreenshot: true, newCommandTimeout: 0, platformName: Android, skipServerInstallation: true, systemPort: 8203, udid: R3CR901L3KR}, appium:deviceApiLevel: 30, appium:deviceManufacturer: samsung, appium:deviceModel: SM-G991B, appium:deviceName: R3CR901L3KR, appium:deviceScreenDensity: 480, appium:deviceScreenSize: 1080x2400, appium:deviceUDID: R3CR901L3KR, appium:disableSuppressAccessibilityService: true, appium:javascriptEnabled: true, appium:locationContextEnabled: false, appium:nativeWebScreenshot: true, appium:networkConnectionEnabled: true, appium:newCommandTimeout: 0, appium:optimalHubUrl: hub-apse.browserstack.com, appium:pixelRatio: 3, appium:platformVersion: 11, appium:skipServerInstallation: true, appium:statBarHeight: 79, appium:systemPort: 8203, appium:takesScreenshot: true, appium:udid: R3CR901L3KR, appium:viewportRect: {height: 2097, left: 0, top: 79, width: 1080}, appium:warnings: {}, appium:webStorageEnabled: false, bstack:options: {appiumVersion: 1.17.0, buildIdentifier: #7, hostName: COLLABPH1002987, localIdentifier: 09_Nov_1123_COLLABPH1002987...}, goog:chromeOptions: {}, platformName: ANDROID}
Session ID: c57a535e798207e5ed04f7d31e450610ef1dbd2e" type="org.openqa.selenium.TimeoutException">
      <![CDATA[org.openqa.selenium.TimeoutException: Expected condition failed: waiting for element to be clickable: AppiumBy.accessibilityId: Search Wikipedia (tried for 30 second(s) with 500 milliseconds interval)
Build info: version: '4.13.0', revision: 'ba948ece5b*'
System info: os.name: 'Windows 10', os.arch: 'amd64', os.version: '10.0', java.version: '17.0.8'
Driver info: io.appium.java_client.android.AndroidDriver
Capabilities {appium:appActivity: io.appium.android.apis.ApiD..., appium:appPackage: io.appium.android.apis, appium:automationName: uiautomator2, appium:chromedriverPort: 18083, appium:chromedriverPorts: [[18133, 18143]], appium:databaseEnabled: false, appium:desired: {appActivity: io.appium.android.apis.ApiD..., appPackage: io.appium.android.apis, automationName: uiautomator2, bstack:options: {appiumVersion: 1.17.0, buildIdentifier: #7, hostName: COLLABPH1002987, localIdentifier: 09_Nov_1123_COLLABPH1002987...}, chromedriverPort: 18083, chromedriverPorts: [[18133, 18143]], deviceName: Android, disableSuppressAccessibilityService: true, goog:chromeOptions: {}, nativeWebScreenshot: true, newCommandTimeout: 0, platformName: Android, skipServerInstallation: true, systemPort: 8203, udid: R3CR901L3KR}, appium:deviceApiLevel: 30, appium:deviceManufacturer: samsung, appium:deviceModel: SM-G991B, appium:deviceName: R3CR901L3KR, appium:deviceScreenDensity: 480, appium:deviceScreenSize: 1080x2400, appium:deviceUDID: R3CR901L3KR, appium:disableSuppressAccessibilityService: true, appium:javascriptEnabled: true, appium:locationContextEnabled: false, appium:nativeWebScreenshot: true, appium:networkConnectionEnabled: true, appium:newCommandTimeout: 0, appium:optimalHubUrl: hub-apse.browserstack.com, appium:pixelRatio: 3, appium:platformVersion: 11, appium:skipServerInstallation: true, appium:statBarHeight: 79, appium:systemPort: 8203, appium:takesScreenshot: true, appium:udid: R3CR901L3KR, appium:viewportRect: {height: 2097, left: 0, top: 79, width: 1080}, appium:warnings: {}, appium:webStorageEnabled: false, bstack:options: {appiumVersion: 1.17.0, buildIdentifier: #7, hostName: COLLABPH1002987, localIdentifier: 09_Nov_1123_COLLABPH1002987...}, goog:chromeOptions: {}, platformName: ANDROID}
Session ID: c57a535e798207e5ed04f7d31e450610ef1dbd2e
at org.openqa.selenium.support.ui.WebDriverWait.timeoutException(WebDriverWait.java:84)
at org.openqa.selenium.support.ui.FluentWait.until(FluentWait.java:230)
at com.browserstack.FirstTest.test(FirstTest.java:18)
at java.base/jdk.internal.reflect.NativeMethodAccessorImpl.invoke0(Native Method)
at java.base/jdk.internal.reflect.NativeMethodAccessorImpl.invoke(NativeMethodAccessorImpl.java:77)
at java.base/jdk.internal.reflect.DelegatingMethodAccessorImpl.invoke(DelegatingMethodAccessorImpl.java:43)
at java.base/java.lang.reflect.Method.invoke(Method.java:568)
at org.testng.internal.invokers.MethodInvocationHelper.invokeMethod(MethodInvocationHelper.java:135)
at org.testng.internal.invokers.TestInvoker.invokeMethod(TestInvoker.java:673)
at org.testng.internal.invokers.TestInvoker.invokeTestMethod(TestInvoker.java:220)
at org.testng.internal.invokers.MethodRunner.runInSequence(MethodRunner.java:50)
at org.testng.internal.invokers.TestInvoker$MethodInvocationAgent.invoke(TestInvoker.java:945)
at org.testng.internal.invokers.TestInvoker.invokeTestMethods(TestInvoker.java:193)
at org.testng.internal.invokers.TestMethodWorker.invokeTestMethods(TestMethodWorker.java:146)
at org.testng.internal.invokers.TestMethodWorker.run(TestMethodWorker.java:128)
at java.base/java.util.ArrayList.forEach(ArrayList.java:1511)
at org.testng.TestRunner.privateRun(TestRunner.java:808)
at org.testng.TestRunner.run(TestRunner.java:603)
at org.testng.SuiteRunner.runTest(SuiteRunner.java:429)
at org.testng.SuiteRunner.access$000(SuiteRunner.java:32)
at org.testng.SuiteRunner$SuiteWorker.run(SuiteRunner.java:467)
at org.testng.internal.thread.ThreadUtil.lambda$execute$0(ThreadUtil.java:58)
at java.base/java.util.concurrent.FutureTask.run(FutureTask.java:264)
at java.base/java.util.concurrent.ThreadPoolExecutor.runWorker(ThreadPoolExecutor.java:1136)
at java.base/java.util.concurrent.ThreadPoolExecutor$Worker.run(ThreadPoolExecutor.java:635)
at java.base/java.lang.Thread.run(Thread.java:833)
]]>
    </error>
  </testcase> <!-- test -->
  <system-out/>
</testsuite> <!-- com.browserstack.FirstTest -->
